                                 Started job on |	Jan 15 08:27:29
                             Started mapping on |	Jan 15 08:27:41
                                    Finished on |	Jan 15 08:35:11
       Mapping speed, Million of reads per hour |	263.16

                          Number of input reads |	32895183
                      Average input read length |	263
                                    UNIQUE READS:
                   Uniquely mapped reads number |	27919021
                        Uniquely mapped reads % |	84.87%
                          Average mapped length |	265.47
                       Number of splices: Total |	12028766
            Number of splices: Annotated (sjdb) |	11284385
                       Number of splices: GT/AG |	11817292
                       Number of splices: GC/AG |	104186
                       Number of splices: AT/AC |	9912
               Number of splices: Non-canonical |	97376
                      Mismatch rate per base, % |	0.53%
                         Deletion rate per base |	0.05%
                        Deletion average length |	2.64
                        Insertion rate per base |	0.03%
                       Insertion average length |	2.51
                             MULTI-MAPPING READS:
        Number of reads mapped to multiple loci |	3635836
             % of reads mapped to multiple loci |	11.05%
        Number of reads mapped to too many loci |	121117
             % of reads mapped to too many loci |	0.37%
                                  UNMAPPED READS:
       % of reads unmapped: too many mismatches |	0.00%
                 % of reads unmapped: too short |	3.49%
                     % of reads unmapped: other |	0.22%
                                  CHIMERIC READS:
                       Number of chimeric reads |	0
                            % of chimeric reads |	0.00%
