                                 Started job on |	Jan 15 08:19:40
                             Started mapping on |	Jan 15 08:19:52
                                    Finished on |	Jan 15 08:27:24
       Mapping speed, Million of reads per hour |	247.29

                          Number of input reads |	31048376
                      Average input read length |	262
                                    UNIQUE READS:
                   Uniquely mapped reads number |	28099148
                        Uniquely mapped reads % |	90.50%
                          Average mapped length |	263.13
                       Number of splices: Total |	14886551
            Number of splices: Annotated (sjdb) |	13935155
                       Number of splices: GT/AG |	14635918
                       Number of splices: GC/AG |	138198
                       Number of splices: AT/AC |	11465
               Number of splices: Non-canonical |	100970
                      Mismatch rate per base, % |	0.51%
                         Deletion rate per base |	0.05%
                        Deletion average length |	2.83
                        Insertion rate per base |	0.03%
                       Insertion average length |	2.76
                             MULTI-MAPPING READS:
        Number of reads mapped to multiple loci |	1401943
             % of reads mapped to multiple loci |	4.52%
        Number of reads mapped to too many loci |	138673
             % of reads mapped to too many loci |	0.45%
                                  UNMAPPED READS:
       % of reads unmapped: too many mismatches |	0.00%
                 % of reads unmapped: too short |	4.29%
                     % of reads unmapped: other |	0.24%
                                  CHIMERIC READS:
                       Number of chimeric reads |	0
                            % of chimeric reads |	0.00%
