                                 Started job on |	Jan 15 07:28:26
                             Started mapping on |	Jan 15 07:28:39
                                    Finished on |	Jan 15 07:35:23
       Mapping speed, Million of reads per hour |	291.29

                          Number of input reads |	32688932
                      Average input read length |	259
                                    UNIQUE READS:
                   Uniquely mapped reads number |	25707488
                        Uniquely mapped reads % |	78.64%
                          Average mapped length |	263.82
                       Number of splices: Total |	10205167
            Number of splices: Annotated (sjdb) |	9665814
                       Number of splices: GT/AG |	10044807
                       Number of splices: GC/AG |	85632
                       Number of splices: AT/AC |	7470
               Number of splices: Non-canonical |	67258
                      Mismatch rate per base, % |	0.46%
                         Deletion rate per base |	0.04%
                        Deletion average length |	2.50
                        Insertion rate per base |	0.03%
                       Insertion average length |	2.29
                             MULTI-MAPPING READS:
        Number of reads mapped to multiple loci |	6077605
             % of reads mapped to multiple loci |	18.59%
        Number of reads mapped to too many loci |	61979
             % of reads mapped to too many loci |	0.19%
                                  UNMAPPED READS:
       % of reads unmapped: too many mismatches |	0.00%
                 % of reads unmapped: too short |	2.45%
                     % of reads unmapped: other |	0.13%
                                  CHIMERIC READS:
                       Number of chimeric reads |	0
                            % of chimeric reads |	0.00%
