                                 Started job on |	Jan 15 07:43:32
                             Started mapping on |	Jan 15 07:43:48
                                    Finished on |	Jan 15 07:51:12
       Mapping speed, Million of reads per hour |	273.32

                          Number of input reads |	33710024
                      Average input read length |	264
                                    UNIQUE READS:
                   Uniquely mapped reads number |	28515136
                        Uniquely mapped reads % |	84.59%
                          Average mapped length |	265.56
                       Number of splices: Total |	10195759
            Number of splices: Annotated (sjdb) |	9547227
                       Number of splices: GT/AG |	9998106
                       Number of splices: GC/AG |	86926
                       Number of splices: AT/AC |	8686
               Number of splices: Non-canonical |	102041
                      Mismatch rate per base, % |	0.53%
                         Deletion rate per base |	0.06%
                        Deletion average length |	2.62
                        Insertion rate per base |	0.04%
                       Insertion average length |	2.46
                             MULTI-MAPPING READS:
        Number of reads mapped to multiple loci |	3915983
             % of reads mapped to multiple loci |	11.62%
        Number of reads mapped to too many loci |	111867
             % of reads mapped to too many loci |	0.33%
                                  UNMAPPED READS:
       % of reads unmapped: too many mismatches |	0.00%
                 % of reads unmapped: too short |	3.27%
                     % of reads unmapped: other |	0.19%
                                  CHIMERIC READS:
                       Number of chimeric reads |	0
                            % of chimeric reads |	0.00%
