[2020-05-24 19:45:59.327] [jointLog] [info] Fragment incompatibility prior below threshold.  Incompatible fragments will be ignored.
[2020-05-24 19:45:59.327] [jointLog] [info] Usage of --validateMappings implies use of minScoreFraction. Since not explicitly specified, it is being set to 0.65
[2020-05-24 19:45:59.327] [jointLog] [info] Usage of --validateMappings implies a default consensus slack of 0.2. Setting consensusSlack to 0.35.
[2020-05-24 19:45:59.327] [jointLog] [info] parsing read library format
[2020-05-24 19:45:59.327] [jointLog] [info] There is 1 library.
[2020-05-24 19:45:59.366] [jointLog] [info] Loading pufferfish index
[2020-05-24 19:45:59.366] [jointLog] [info] Loading dense pufferfish index.
[2020-05-24 19:46:18.962] [jointLog] [info] done
[2020-05-24 19:46:18.962] [jointLog] [info] Index contained 52,598 targets
[2020-05-24 19:46:18.985] [jointLog] [info] Number of decoys : 993
[2020-05-24 19:46:18.985] [jointLog] [info] First decoy index : 51,591 
[2020-05-24 19:46:19.859] [jointLog] [info] Automatically detected most likely library type as ISR
[2020-05-24 19:48:35.493] [jointLog] [info] Thread saw mini-batch with a maximum of 1.06% zero probability fragments
[2020-05-24 19:48:35.506] [jointLog] [info] Thread saw mini-batch with a maximum of 1.14% zero probability fragments
[2020-05-24 19:48:35.534] [jointLog] [info] Thread saw mini-batch with a maximum of 1.06% zero probability fragments
[2020-05-24 19:48:35.563] [jointLog] [info] Thread saw mini-batch with a maximum of 1.16% zero probability fragments
[2020-05-24 19:48:35.586] [jointLog] [info] Thread saw mini-batch with a maximum of 1.06% zero probability fragments
[2020-05-24 19:48:35.614] [jointLog] [info] Thread saw mini-batch with a maximum of 1.08% zero probability fragments
[2020-05-24 19:48:35.633] [jointLog] [info] Thread saw mini-batch with a maximum of 1.12% zero probability fragments
[2020-05-24 19:48:35.644] [jointLog] [info] Thread saw mini-batch with a maximum of 1.10% zero probability fragments
[2020-05-24 19:48:35.661] [jointLog] [info] Thread saw mini-batch with a maximum of 1.08% zero probability fragments
[2020-05-24 19:48:35.661] [jointLog] [info] Thread saw mini-batch with a maximum of 1.08% zero probability fragments
[2020-05-24 19:48:35.686] [jointLog] [info] Thread saw mini-batch with a maximum of 1.04% zero probability fragments
[2020-05-24 19:48:35.686] [jointLog] [info] Thread saw mini-batch with a maximum of 1.04% zero probability fragments
[2020-05-24 19:48:35.699] [jointLog] [info] Thread saw mini-batch with a maximum of 1.00% zero probability fragments
[2020-05-24 19:48:35.700] [jointLog] [info] Thread saw mini-batch with a maximum of 1.08% zero probability fragments
[2020-05-24 19:48:35.759] [jointLog] [info] Thread saw mini-batch with a maximum of 1.12% zero probability fragments
[2020-05-24 19:48:35.767] [jointLog] [info] Thread saw mini-batch with a maximum of 1.02% zero probability fragments
[2020-05-24 19:48:35.925] [jointLog] [info] Computed 117,884 rich equivalence classes for further processing
[2020-05-24 19:48:35.925] [jointLog] [info] Counted 10,658,463 total reads in the equivalence classes 
[2020-05-24 19:48:35.933] [jointLog] [info] Number of mappings discarded because of alignment score : 16,254,928
[2020-05-24 19:48:35.933] [jointLog] [info] Number of fragments entirely discarded because of alignment score : 2,383,479
[2020-05-24 19:48:35.933] [jointLog] [info] Number of fragments discarded because they are best-mapped to decoys : 2,004,669
[2020-05-24 19:48:35.933] [jointLog] [info] Number of fragments discarded because they have only dovetail (discordant) mappings to valid targets : 176,662
[2020-05-24 19:48:35.933] [jointLog] [info] Mapping rate = 32.6057%

[2020-05-24 19:48:35.933] [jointLog] [info] finished quantifyLibrary()
[2020-05-24 19:48:35.934] [jointLog] [info] Starting optimizer
[2020-05-24 19:48:36.043] [jointLog] [info] Marked 0 weighted equivalence classes as degenerate
[2020-05-24 19:48:36.046] [jointLog] [info] iteration = 0 | max rel diff. = 13843.9
[2020-05-24 19:48:35.925] [fileLog] [info] 
At end of round 0
==================
Observed 32688932 total fragments (32688932 in most recent round)

[2020-05-24 19:48:36.298] [jointLog] [info] iteration = 100 | max rel diff. = 3.18219
[2020-05-24 19:48:36.551] [jointLog] [info] iteration = 200 | max rel diff. = 14.6451
[2020-05-24 19:48:36.804] [jointLog] [info] iteration = 300 | max rel diff. = 0.51851
[2020-05-24 19:48:37.057] [jointLog] [info] iteration = 400 | max rel diff. = 0.755579
[2020-05-24 19:48:37.312] [jointLog] [info] iteration = 500 | max rel diff. = 0.0498839
[2020-05-24 19:48:37.570] [jointLog] [info] iteration = 600 | max rel diff. = 0.0628004
[2020-05-24 19:48:37.613] [jointLog] [info] iteration = 618 | max rel diff. = 0.00269062
[2020-05-24 19:48:37.618] [jointLog] [info] Finished optimizer
[2020-05-24 19:48:37.618] [jointLog] [info] writing output 

