                                 Started job on |	Jan 15 08:05:09
                             Started mapping on |	Jan 15 08:05:23
                                    Finished on |	Jan 15 08:12:39
       Mapping speed, Million of reads per hour |	275.09

                          Number of input reads |	33316915
                      Average input read length |	263
                                    UNIQUE READS:
                   Uniquely mapped reads number |	28344203
                        Uniquely mapped reads % |	85.07%
                          Average mapped length |	265.55
                       Number of splices: Total |	11952638
            Number of splices: Annotated (sjdb) |	11266732
                       Number of splices: GT/AG |	11748509
                       Number of splices: GC/AG |	103905
                       Number of splices: AT/AC |	9461
               Number of splices: Non-canonical |	90763
                      Mismatch rate per base, % |	0.50%
                         Deletion rate per base |	0.05%
                        Deletion average length |	2.61
                        Insertion rate per base |	0.03%
                       Insertion average length |	2.35
                             MULTI-MAPPING READS:
        Number of reads mapped to multiple loci |	3799546
             % of reads mapped to multiple loci |	11.40%
        Number of reads mapped to too many loci |	95472
             % of reads mapped to too many loci |	0.29%
                                  UNMAPPED READS:
       % of reads unmapped: too many mismatches |	0.00%
                 % of reads unmapped: too short |	3.04%
                     % of reads unmapped: other |	0.19%
                                  CHIMERIC READS:
                       Number of chimeric reads |	0
                            % of chimeric reads |	0.00%
