                                 Started job on |	Jan 15 07:13:10
                             Started mapping on |	Jan 15 07:13:44
                                    Finished on |	Jan 15 07:20:59
       Mapping speed, Million of reads per hour |	278.21

                          Number of input reads |	33616951
                      Average input read length |	264
                                    UNIQUE READS:
                   Uniquely mapped reads number |	28363379
                        Uniquely mapped reads % |	84.37%
                          Average mapped length |	266.06
                       Number of splices: Total |	10654895
            Number of splices: Annotated (sjdb) |	10048341
                       Number of splices: GT/AG |	10464496
                       Number of splices: GC/AG |	89193
                       Number of splices: AT/AC |	8847
               Number of splices: Non-canonical |	92359
                      Mismatch rate per base, % |	0.51%
                         Deletion rate per base |	0.05%
                        Deletion average length |	2.57
                        Insertion rate per base |	0.03%
                       Insertion average length |	2.50
                             MULTI-MAPPING READS:
        Number of reads mapped to multiple loci |	4059881
             % of reads mapped to multiple loci |	12.08%
        Number of reads mapped to too many loci |	111240
             % of reads mapped to too many loci |	0.33%
                                  UNMAPPED READS:
       % of reads unmapped: too many mismatches |	0.00%
                 % of reads unmapped: too short |	3.01%
                     % of reads unmapped: other |	0.21%
                                  CHIMERIC READS:
                       Number of chimeric reads |	0
                            % of chimeric reads |	0.00%
