                                 Started job on |	Jan 15 07:58:01
                             Started mapping on |	Jan 15 07:58:13
                                    Finished on |	Jan 15 08:05:03
       Mapping speed, Million of reads per hour |	282.68

                          Number of input reads |	32193899
                      Average input read length |	262
                                    UNIQUE READS:
                   Uniquely mapped reads number |	27581358
                        Uniquely mapped reads % |	85.67%
                          Average mapped length |	264.22
                       Number of splices: Total |	10421199
            Number of splices: Annotated (sjdb) |	9817651
                       Number of splices: GT/AG |	10240220
                       Number of splices: GC/AG |	88504
                       Number of splices: AT/AC |	8522
               Number of splices: Non-canonical |	83953
                      Mismatch rate per base, % |	0.50%
                         Deletion rate per base |	0.05%
                        Deletion average length |	2.58
                        Insertion rate per base |	0.03%
                       Insertion average length |	2.42
                             MULTI-MAPPING READS:
        Number of reads mapped to multiple loci |	3496288
             % of reads mapped to multiple loci |	10.86%
        Number of reads mapped to too many loci |	96419
             % of reads mapped to too many loci |	0.30%
                                  UNMAPPED READS:
       % of reads unmapped: too many mismatches |	0.00%
                 % of reads unmapped: too short |	2.97%
                     % of reads unmapped: other |	0.20%
                                  CHIMERIC READS:
                       Number of chimeric reads |	0
                            % of chimeric reads |	0.00%
