[2020-05-24 20:04:10.517] [jointLog] [info] Fragment incompatibility prior below threshold.  Incompatible fragments will be ignored.
[2020-05-24 20:04:10.517] [jointLog] [info] Usage of --validateMappings implies use of minScoreFraction. Since not explicitly specified, it is being set to 0.65
[2020-05-24 20:04:10.517] [jointLog] [info] Usage of --validateMappings implies a default consensus slack of 0.2. Setting consensusSlack to 0.35.
[2020-05-24 20:04:10.517] [jointLog] [info] parsing read library format
[2020-05-24 20:04:10.517] [jointLog] [info] There is 1 library.
[2020-05-24 20:04:10.557] [jointLog] [info] Loading pufferfish index
[2020-05-24 20:04:10.558] [jointLog] [info] Loading dense pufferfish index.
[2020-05-24 20:04:30.691] [jointLog] [info] done
[2020-05-24 20:04:30.691] [jointLog] [info] Index contained 52,598 targets
[2020-05-24 20:04:30.714] [jointLog] [info] Number of decoys : 993
[2020-05-24 20:04:30.714] [jointLog] [info] First decoy index : 51,591 
[2020-05-24 20:04:31.885] [jointLog] [info] Automatically detected most likely library type as ISR
[2020-05-24 20:07:44.051] [jointLog] [info] Thread saw mini-batch with a maximum of 1.18% zero probability fragments
[2020-05-24 20:07:44.071] [jointLog] [info] Thread saw mini-batch with a maximum of 1.16% zero probability fragments
[2020-05-24 20:07:44.118] [jointLog] [info] Thread saw mini-batch with a maximum of 1.08% zero probability fragments
[2020-05-24 20:07:44.152] [jointLog] [info] Thread saw mini-batch with a maximum of 1.12% zero probability fragments
[2020-05-24 20:07:44.163] [jointLog] [info] Thread saw mini-batch with a maximum of 1.10% zero probability fragments
[2020-05-24 20:07:44.187] [jointLog] [info] Thread saw mini-batch with a maximum of 1.08% zero probability fragments
[2020-05-24 20:07:44.199] [jointLog] [info] Thread saw mini-batch with a maximum of 1.14% zero probability fragments
[2020-05-24 20:07:44.199] [jointLog] [info] Thread saw mini-batch with a maximum of 1.10% zero probability fragments
[2020-05-24 20:07:44.283] [jointLog] [info] Thread saw mini-batch with a maximum of 1.14% zero probability fragments
[2020-05-24 20:07:44.315] [jointLog] [info] Thread saw mini-batch with a maximum of 1.18% zero probability fragments
[2020-05-24 20:07:44.326] [jointLog] [info] Thread saw mini-batch with a maximum of 1.08% zero probability fragments
[2020-05-24 20:07:44.354] [jointLog] [info] Thread saw mini-batch with a maximum of 1.04% zero probability fragments
[2020-05-24 20:07:44.364] [jointLog] [info] Thread saw mini-batch with a maximum of 1.12% zero probability fragments
[2020-05-24 20:07:44.365] [jointLog] [info] Thread saw mini-batch with a maximum of 1.10% zero probability fragments
[2020-05-24 20:07:44.407] [jointLog] [info] Thread saw mini-batch with a maximum of 1.14% zero probability fragments
[2020-05-24 20:07:44.510] [jointLog] [info] Thread saw mini-batch with a maximum of 1.10% zero probability fragments
[2020-05-24 20:07:44.689] [jointLog] [info] Computed 133,057 rich equivalence classes for further processing
[2020-05-24 20:07:44.689] [jointLog] [info] Counted 12,482,534 total reads in the equivalence classes 
[2020-05-24 20:07:44.698] [jointLog] [info] Number of mappings discarded because of alignment score : 23,207,445
[2020-05-24 20:07:44.698] [jointLog] [info] Number of fragments entirely discarded because of alignment score : 3,426,374
[2020-05-24 20:07:44.698] [jointLog] [info] Number of fragments discarded because they are best-mapped to decoys : 2,932,374
[2020-05-24 20:07:44.698] [jointLog] [info] Number of fragments discarded because they have only dovetail (discordant) mappings to valid targets : 198,075
[2020-05-24 20:07:44.698] [jointLog] [info] Mapping rate = 37.4661%

[2020-05-24 20:07:44.698] [jointLog] [info] finished quantifyLibrary()
[2020-05-24 20:07:44.699] [jointLog] [info] Starting optimizer
[2020-05-24 20:07:44.728] [jointLog] [info] Marked 0 weighted equivalence classes as degenerate
[2020-05-24 20:07:44.732] [jointLog] [info] iteration = 0 | max rel diff. = 17691.5
[2020-05-24 20:07:44.690] [fileLog] [info] 
At end of round 0
==================
Observed 33316915 total fragments (33316915 in most recent round)

[2020-05-24 20:07:45.084] [jointLog] [info] iteration = 100 | max rel diff. = 7.97794
[2020-05-24 20:07:45.436] [jointLog] [info] iteration = 200 | max rel diff. = 0.560861
[2020-05-24 20:07:45.788] [jointLog] [info] iteration = 300 | max rel diff. = 0.939891
[2020-05-24 20:07:46.140] [jointLog] [info] iteration = 400 | max rel diff. = 0.0863329
[2020-05-24 20:07:46.494] [jointLog] [info] iteration = 500 | max rel diff. = 0.301581
[2020-05-24 20:07:46.847] [jointLog] [info] iteration = 600 | max rel diff. = 0.0297771
[2020-05-24 20:07:47.201] [jointLog] [info] iteration = 700 | max rel diff. = 0.0248814
[2020-05-24 20:07:47.554] [jointLog] [info] iteration = 800 | max rel diff. = 0.231032
[2020-05-24 20:07:47.883] [jointLog] [info] iteration = 894 | max rel diff. = 0.00702042
[2020-05-24 20:07:47.888] [jointLog] [info] Finished optimizer
[2020-05-24 20:07:47.888] [jointLog] [info] writing output 

