[2020-05-24 19:48:38.757] [jointLog] [info] Fragment incompatibility prior below threshold.  Incompatible fragments will be ignored.
[2020-05-24 19:48:38.757] [jointLog] [info] Usage of --validateMappings implies use of minScoreFraction. Since not explicitly specified, it is being set to 0.65
[2020-05-24 19:48:38.757] [jointLog] [info] Usage of --validateMappings implies a default consensus slack of 0.2. Setting consensusSlack to 0.35.
[2020-05-24 19:48:38.757] [jointLog] [info] parsing read library format
[2020-05-24 19:48:38.757] [jointLog] [info] There is 1 library.
[2020-05-24 19:48:38.797] [jointLog] [info] Loading pufferfish index
[2020-05-24 19:48:38.797] [jointLog] [info] Loading dense pufferfish index.
[2020-05-24 19:48:59.316] [jointLog] [info] done
[2020-05-24 19:48:59.316] [jointLog] [info] Index contained 52,598 targets
[2020-05-24 19:48:59.339] [jointLog] [info] Number of decoys : 993
[2020-05-24 19:48:59.339] [jointLog] [info] First decoy index : 51,591 
[2020-05-24 19:49:00.597] [jointLog] [info] Automatically detected most likely library type as ISR
[2020-05-24 19:52:54.541] [jointLog] [info] Thread saw mini-batch with a maximum of 1.32% zero probability fragments
[2020-05-24 19:52:54.563] [jointLog] [info] Thread saw mini-batch with a maximum of 1.12% zero probability fragments
[2020-05-24 19:52:54.606] [jointLog] [info] Thread saw mini-batch with a maximum of 1.18% zero probability fragments
[2020-05-24 19:52:54.628] [jointLog] [info] Thread saw mini-batch with a maximum of 1.12% zero probability fragments
[2020-05-24 19:52:54.637] [jointLog] [info] Thread saw mini-batch with a maximum of 1.16% zero probability fragments
[2020-05-24 19:52:54.671] [jointLog] [info] Thread saw mini-batch with a maximum of 1.22% zero probability fragments
[2020-05-24 19:52:54.697] [jointLog] [info] Thread saw mini-batch with a maximum of 1.16% zero probability fragments
[2020-05-24 19:52:54.705] [jointLog] [info] Thread saw mini-batch with a maximum of 1.14% zero probability fragments
[2020-05-24 19:52:54.726] [jointLog] [info] Thread saw mini-batch with a maximum of 1.12% zero probability fragments
[2020-05-24 19:52:54.815] [jointLog] [info] Thread saw mini-batch with a maximum of 1.26% zero probability fragments
[2020-05-24 19:52:54.857] [jointLog] [info] Thread saw mini-batch with a maximum of 1.14% zero probability fragments
[2020-05-24 19:52:54.900] [jointLog] [info] Thread saw mini-batch with a maximum of 1.24% zero probability fragments
[2020-05-24 19:52:54.931] [jointLog] [info] Thread saw mini-batch with a maximum of 1.18% zero probability fragments
[2020-05-24 19:52:54.932] [jointLog] [info] Thread saw mini-batch with a maximum of 1.18% zero probability fragments
[2020-05-24 19:52:54.940] [jointLog] [info] Thread saw mini-batch with a maximum of 1.14% zero probability fragments
[2020-05-24 19:52:55.033] [jointLog] [info] Thread saw mini-batch with a maximum of 1.22% zero probability fragments
[2020-05-24 19:52:55.178] [jointLog] [info] Computed 128,869 rich equivalence classes for further processing
[2020-05-24 19:52:55.178] [jointLog] [info] Counted 12,177,321 total reads in the equivalence classes 
[2020-05-24 19:52:55.186] [jointLog] [info] Number of mappings discarded because of alignment score : 27,090,434
[2020-05-24 19:52:55.186] [jointLog] [info] Number of fragments entirely discarded because of alignment score : 4,193,973
[2020-05-24 19:52:55.186] [jointLog] [info] Number of fragments discarded because they are best-mapped to decoys : 3,663,989
[2020-05-24 19:52:55.186] [jointLog] [info] Number of fragments discarded because they have only dovetail (discordant) mappings to valid targets : 202,579
[2020-05-24 19:52:55.186] [jointLog] [info] Mapping rate = 34.2061%

[2020-05-24 19:52:55.186] [jointLog] [info] finished quantifyLibrary()
[2020-05-24 19:52:55.187] [jointLog] [info] Starting optimizer
[2020-05-24 19:52:55.215] [jointLog] [info] Marked 0 weighted equivalence classes as degenerate
[2020-05-24 19:52:55.218] [jointLog] [info] iteration = 0 | max rel diff. = 16003.3
[2020-05-24 19:52:55.178] [fileLog] [info] 
At end of round 0
==================
Observed 35599860 total fragments (35599860 in most recent round)

[2020-05-24 19:52:55.539] [jointLog] [info] iteration = 100 | max rel diff. = 19.1436
[2020-05-24 19:52:55.860] [jointLog] [info] iteration = 200 | max rel diff. = 5.77828
[2020-05-24 19:52:56.182] [jointLog] [info] iteration = 300 | max rel diff. = 0.112016
[2020-05-24 19:52:56.503] [jointLog] [info] iteration = 400 | max rel diff. = 0.21577
[2020-05-24 19:52:56.825] [jointLog] [info] iteration = 500 | max rel diff. = 0.144999
[2020-05-24 19:52:57.092] [jointLog] [info] iteration = 584 | max rel diff. = 0.00929819
[2020-05-24 19:52:57.093] [jointLog] [info] Finished optimizer
[2020-05-24 19:52:57.093] [jointLog] [info] writing output 

